<?xml version="1.0" encoding="UTF-8"?>
<testng-results ignored="0" total="2" passed="2" failed="0" skipped="0">
  <reporter-output>
  </reporter-output>
  <suite started-at="2024-03-04T14:02:14 JST" name="Suite" finished-at="2024-03-04T14:02:50 JST" duration-ms="35686">
    <groups>
    </groups>
    <test started-at="2024-03-04T14:02:14 JST" name="chrome" finished-at="2024-03-04T14:02:46 JST" duration-ms="31288">
      <class name="com.pos.testcases.CreateNewCutomer">
        <test-method is-config="true" signature="setValues()[pri:0, instance:com.pos.testcases.CreateNewCutomer@33065d67]" started-at="2024-03-04T14:02:14 JST" name="setValues" finished-at="2024-03-04T14:02:14 JST" duration-ms="0" status="PASS">
          <reporter-output>
          </reporter-output>
        </test-method> <!-- setValues -->
        <test-method is-config="true" signature="startTestCase()[pri:0, instance:com.pos.testcases.CreateNewCutomer@33065d67]" started-at="2024-03-04T14:02:14 JST" name="startTestCase" finished-at="2024-03-04T14:02:14 JST" duration-ms="6" status="PASS">
          <reporter-output>
          </reporter-output>
        </test-method> <!-- startTestCase -->
        <test-method is-config="true" signature="preCondition(java.lang.String)[pri:0, instance:com.pos.testcases.CreateNewCutomer@33065d67]" started-at="2024-03-04T14:02:15 JST" name="preCondition" finished-at="2024-03-04T14:02:19 JST" duration-ms="3451" status="PASS">
          <params>
            <param index="0">
              <value>
                <![CDATA[chrome]]>
              </value>
            </param>
          </params>
          <reporter-output>
          </reporter-output>
        </test-method> <!-- preCondition -->
        <test-method signature="runLogin(java.lang.String,java.lang.String,java.lang.String,java.lang.String,java.lang.String,java.lang.String)[pri:0, instance:com.pos.testcases.CreateNewCutomer@33065d67]" started-at="2024-03-04T14:02:19 JST" name="runLogin" data-provider="fetchData" finished-at="2024-03-04T14:02:45 JST" duration-ms="26629" status="PASS">
          <params>
            <param index="0">
              <value>
                <![CDATA[9976749433]]>
              </value>
            </param>
            <param index="1">
              <value>
                <![CDATA[Aravind]]>
              </value>
            </param>
            <param index="2">
              <value>
                <![CDATA[Selenium]]>
              </value>
            </param>
            <param index="3">
              <value>
                <![CDATA[Chennai]]>
              </value>
            </param>
            <param index="4">
              <value>
                <![CDATA[9976749433]]>
              </value>
            </param>
            <param index="5">
              <value>
                <![CDATA[aravind@gmail.com]]>
              </value>
            </param>
          </params>
          <reporter-output>
          </reporter-output>
        </test-method> <!-- runLogin -->
        <test-method is-config="true" signature="postCondition()[pri:0, instance:com.pos.testcases.CreateNewCutomer@33065d67]" started-at="2024-03-04T14:02:45 JST" name="postCondition" finished-at="2024-03-04T14:02:46 JST" duration-ms="337" status="PASS">
          <reporter-output>
          </reporter-output>
        </test-method> <!-- postCondition -->
      </class> <!-- com.pos.testcases.CreateNewCutomer -->
    </test> <!-- chrome -->
    <test started-at="2024-03-04T14:02:14 JST" name="firefox" finished-at="2024-03-04T14:02:50 JST" duration-ms="35686">
      <class name="com.pos.testcases.CreateNewCutomer">
        <test-method is-config="true" signature="startReport()[pri:0, instance:com.pos.testcases.CreateNewCutomer@31ea9581]" started-at="2024-03-04T14:02:14 JST" name="startReport" finished-at="2024-03-04T14:02:14 JST" duration-ms="175" status="PASS">
          <reporter-output>
          </reporter-output>
        </test-method> <!-- startReport -->
        <test-method is-config="true" signature="setValues()[pri:0, instance:com.pos.testcases.CreateNewCutomer@31ea9581]" started-at="2024-03-04T14:02:14 JST" name="setValues" finished-at="2024-03-04T14:02:14 JST" duration-ms="0" status="PASS">
          <reporter-output>
          </reporter-output>
        </test-method> <!-- setValues -->
        <test-method is-config="true" signature="startTestCase()[pri:0, instance:com.pos.testcases.CreateNewCutomer@31ea9581]" started-at="2024-03-04T14:02:14 JST" name="startTestCase" finished-at="2024-03-04T14:02:14 JST" duration-ms="6" status="PASS">
          <reporter-output>
          </reporter-output>
        </test-method> <!-- startTestCase -->
        <test-method is-config="true" signature="preCondition(java.lang.String)[pri:0, instance:com.pos.testcases.CreateNewCutomer@31ea9581]" started-at="2024-03-04T14:02:15 JST" name="preCondition" finished-at="2024-03-04T14:02:20 JST" duration-ms="5126" status="PASS">
          <params>
            <param index="0">
              <value>
                <![CDATA[firefox]]>
              </value>
            </param>
          </params>
          <reporter-output>
          </reporter-output>
        </test-method> <!-- preCondition -->
        <test-method signature="runLogin(java.lang.String,java.lang.String,java.lang.String,java.lang.String,java.lang.String,java.lang.String)[pri:0, instance:com.pos.testcases.CreateNewCutomer@31ea9581]" started-at="2024-03-04T14:02:20 JST" name="runLogin" data-provider="fetchData" finished-at="2024-03-04T14:02:49 JST" duration-ms="28719" status="PASS">
          <params>
            <param index="0">
              <value>
                <![CDATA[9976749433]]>
              </value>
            </param>
            <param index="1">
              <value>
                <![CDATA[Aravind]]>
              </value>
            </param>
            <param index="2">
              <value>
                <![CDATA[Selenium]]>
              </value>
            </param>
            <param index="3">
              <value>
                <![CDATA[Chennai]]>
              </value>
            </param>
            <param index="4">
              <value>
                <![CDATA[9976749433]]>
              </value>
            </param>
            <param index="5">
              <value>
                <![CDATA[aravind@gmail.com]]>
              </value>
            </param>
          </params>
          <reporter-output>
          </reporter-output>
        </test-method> <!-- runLogin -->
        <test-method is-config="true" signature="postCondition()[pri:0, instance:com.pos.testcases.CreateNewCutomer@31ea9581]" started-at="2024-03-04T14:02:49 JST" name="postCondition" finished-at="2024-03-04T14:02:50 JST" duration-ms="975" status="PASS">
          <reporter-output>
          </reporter-output>
        </test-method> <!-- postCondition -->
        <test-method is-config="true" signature="endResult()[pri:0, instance:com.pos.testcases.CreateNewCutomer@31ea9581]" started-at="2024-03-04T14:02:50 JST" name="endResult" finished-at="2024-03-04T14:02:50 JST" duration-ms="275" status="PASS">
          <reporter-output>
          </reporter-output>
        </test-method> <!-- endResult -->
      </class> <!-- com.pos.testcases.CreateNewCutomer -->
    </test> <!-- firefox -->
  </suite> <!-- Suite -->
</testng-results>
